#
# There is insufficient memory for the Java Runtime Environment to continue.
# Native memory allocation (malloc) failed to allocate 203216 bytes for Chunk::new
# Possible reasons:
#   The system is out of physical RAM or swap space
#   The process is running with CompressedOops enabled, and the Java Heap may be blocking the growth of the native heap
# Possible solutions:
#   Reduce memory load on the system
#   Increase physical memory or swap space
#   Check if swap backing store is full
#   Decrease Java heap size (-Xmx/-Xms)
#   Decrease number of Java threads
#   Decrease Java thread stack sizes (-Xss)
#   Set larger code cache with -XX:ReservedCodeCacheSize=
#   JVM is running with Unscaled Compressed Oops mode in which the Java heap is
#     placed in the first 4GB address space. The Java Heap base address is the
#     maximum limit for the native heap growth. Please use -XX:HeapBaseMinAddress
#     to set the Java Heap base and to place the Java Heap above 4GB virtual address.
# This output file may be truncated or incomplete.
#
#  Out of Memory Error (allocation.cpp:389), pid=7672, tid=0x0000000000001754
#
# JRE version: Java(TM) SE Runtime Environment (8.0_221-b11) (build 1.8.0_221-b11)
# Java VM: Java HotSpot(TM) 64-Bit Server VM (25.221-b11 mixed mode windows-amd64 compressed oops)
# Failed to write core dump. Minidumps are not enabled by default on client versions of Windows
#

---------------  T H R E A D  ---------------

Current thread (0x00000000154f1800):  JavaThread "C2 CompilerThread0" daemon [_thread_in_native, id=5972, stack(0x0000000016ca0000,0x0000000016da0000)]

Stack: [0x0000000016ca0000,0x0000000016da0000]
[error occurred during error reporting (printing stack bounds), id 0xc0000005]

Native frames: (J=compiled Java code, j=interpreted, Vv=VM code, C=native code)


Current CompileTask:
C2:   3948  689   !   4       java.net.URL::<init> (543 bytes)


---------------  P R O C E S S  ---------------

Java Threads: ( => current thread )
  0x0000000016fd2800 JavaThread "Service Thread" daemon [_thread_blocked, id=1968, stack(0x00000000173a0000,0x00000000174a0000)]
  0x0000000015500000 JavaThread "C1 CompilerThread2" daemon [_thread_blocked, id=10392, stack(0x0000000016ea0000,0x0000000016fa0000)]
  0x00000000154fd000 JavaThread "C2 CompilerThread1" daemon [_thread_blocked, id=6780, stack(0x0000000016da0000,0x0000000016ea0000)]
=>0x00000000154f1800 JavaThread "C2 CompilerThread0" daemon [_thread_in_native, id=5972, stack(0x0000000016ca0000,0x0000000016da0000)]
  0x00000000154f0000 JavaThread "Attach Listener" daemon [_thread_blocked, id=940, stack(0x0000000016ba0000,0x0000000016ca0000)]
  0x00000000154ef000 JavaThread "Signal Dispatcher" daemon [_thread_blocked, id=1852, stack(0x0000000016aa0000,0x0000000016ba0000)]
  0x0000000002f1d800 JavaThread "Finalizer" daemon [_thread_blocked, id=2092, stack(0x0000000016740000,0x0000000016840000)]
  0x00000000154b9000 JavaThread "Reference Handler" daemon [_thread_blocked, id=7916, stack(0x0000000016640000,0x0000000016740000)]
  0x0000000002e23800 JavaThread "main" [_thread_in_native, id=892, stack(0x0000000002a40000,0x0000000002b40000)]

Other Threads:
  0x00000000154b7000 VMThread [stack: 0x0000000016540000,0x0000000016640000] [id=3756]
  0x0000000016fe7000 WatcherThread [stack: 0x00000000174a0000,0x00000000175a0000] [id=8408]

VM state:not at safepoint (normal execution)

VM Mutex/Monitor currently owned by a thread: None

heap address: 0x00000000c1c00000, size: 996 MB, Compressed Oops mode: 32-bit
Narrow klass base: 0x0000000000000000, Narrow klass shift: 3
Compressed class space size: 1073741824 Address: 0x0000000100000000

Heap:
 PSYoungGen      total 18944K, used 14461K [0x00000000eb400000, 0x00000000ec900000, 0x0000000100000000)
  eden space 16384K, 72% used [0x00000000eb400000,0x00000000ebfa2168,0x00000000ec400000)
  from space 2560K, 99% used [0x00000000ec400000,0x00000000ec67d638,0x00000000ec680000)
  to   space 2560K, 0% used [0x00000000ec680000,0x00000000ec680000,0x00000000ec900000)
 ParOldGen       total 44032K, used 472K [0x00000000c1c00000, 0x00000000c4700000, 0x00000000eb400000)
  object space 44032K, 1% used [0x00000000c1c00000,0x00000000c1c762b0,0x00000000c4700000)
 Metaspace       used 7430K, capacity 7504K, committed 7680K, reserved 1058816K
  class space    used 963K, capacity 1008K, committed 1024K, reserved 1048576K

Card table byte_map: [0x00000000122e0000,0x00000000124e0000] byte_map_base: 0x0000000011cd2000

Marking Bits: (ParMarkBitMap*) 0x0000000055f15ce0
 Begin Bits: [0x0000000012a30000, 0x00000000139c0000)
 End Bits:   [0x00000000139c0000, 0x0000000014950000)

Polling page: 0x0000000002910000

CodeCache: size=245760Kb used=2944Kb max_used=2956Kb free=242815Kb
 bounds [0x0000000002f20000, 0x0000000003210000, 0x0000000011f20000]
 total_blobs=958 nmethods=687 adapters=183
 compilation: enabled

Compilation events (10 events):
Event: 3.837 Thread 0x0000000015500000 nmethod 684 0x00000000031feb50 code [0x00000000031feca0, 0x00000000031fedb0]
Event: 3.837 Thread 0x0000000015500000  685       1       gherkin.pickles.PickleStep::getArgument (5 bytes)
Event: 3.837 Thread 0x0000000015500000 nmethod 685 0x00000000031fe890 code [0x00000000031fe9e0, 0x00000000031feaf0]
Event: 3.837 Thread 0x0000000015500000  686       3       java.util.regex.Matcher::match (109 bytes)
Event: 3.839 Thread 0x0000000015500000 nmethod 686 0x0000000003202210 code [0x00000000032023a0, 0x00000000032027a8]
Event: 3.854 Thread 0x00000000154f1800  687       4       java.lang.CharacterDataLatin1::toUpperCaseEx (71 bytes)
Event: 3.857 Thread 0x00000000154f1800 nmethod 687 0x00000000031fe5d0 code [0x00000000031fe700, 0x00000000031fe7d8]
Event: 3.866 Thread 0x00000000154fd000  688       4       java.lang.CharacterDataLatin1::toUpperCase (53 bytes)
Event: 3.868 Thread 0x00000000154fd000 nmethod 688 0x0000000003201f50 code [0x0000000003202080, 0x0000000003202158]
Event: 3.879 Thread 0x00000000154f1800  689   !   4       java.net.URL::<init> (543 bytes)

GC Heap History (2 events):
Event: 2.999 GC heap before
{Heap before GC invocations=1 (full 0):
 PSYoungGen      total 18944K, used 16384K [0x00000000eb400000, 0x00000000ec900000, 0x0000000100000000)
  eden space 16384K, 100% used [0x00000000eb400000,0x00000000ec400000,0x00000000ec400000)
  from space 2560K, 0% used [0x00000000ec680000,0x00000000ec680000,0x00000000ec900000)
  to   space 2560K, 0% used [0x00000000ec400000,0x00000000ec400000,0x00000000ec680000)
 ParOldGen       total 44032K, used 0K [0x00000000c1c00000, 0x00000000c4700000, 0x00000000eb400000)
  object space 44032K, 0% used [0x00000000c1c00000,0x00000000c1c00000,0x00000000c4700000)
 Metaspace       used 6173K, capacity 6224K, committed 6400K, reserved 1056768K
  class space    used 747K, capacity 752K, committed 768K, reserved 1048576K
Event: 3.010 GC heap after
Heap after GC invocations=1 (full 0):
 PSYoungGen      total 18944K, used 2549K [0x00000000eb400000, 0x00000000ec900000, 0x0000000100000000)
  eden space 16384K, 0% used [0x00000000eb400000,0x00000000eb400000,0x00000000ec400000)
  from space 2560K, 99% used [0x00000000ec400000,0x00000000ec67d638,0x00000000ec680000)
  to   space 2560K, 0% used [0x00000000ec680000,0x00000000ec680000,0x00000000ec900000)
 ParOldGen       total 44032K, used 472K [0x00000000c1c00000, 0x00000000c4700000, 0x00000000eb400000)
  object space 44032K, 1% used [0x00000000c1c00000,0x00000000c1c762b0,0x00000000c4700000)
 Metaspace       used 6173K, capacity 6224K, committed 6400K, reserved 1056768K
  class space    used 747K, capacity 752K, committed 768K, reserved 1048576K
}

Deoptimization events (10 events):
Event: 0.921 Thread 0x0000000002e23800 Uncommon trap: reason=unstable_if action=reinterpret pc=0x0000000003040838 method=java.lang.String.hashCode()I @ 14
Event: 2.069 Thread 0x0000000002e23800 Uncommon trap: reason=unstable_if action=reinterpret pc=0x0000000003091068 method=java.lang.String.indexOf([CII[CIII)I @ 3
Event: 2.419 Thread 0x0000000002e23800 Uncommon trap: reason=unstable_if action=reinterpret pc=0x00000000030d9f68 method=java.lang.String.startsWith(Ljava/lang/String;I)Z @ 25
Event: 2.419 Thread 0x0000000002e23800 Uncommon trap: reason=unstable_if action=reinterpret pc=0x0000000003071de8 method=java.lang.String.startsWith(Ljava/lang/String;I)Z @ 25
Event: 2.427 Thread 0x0000000002e23800 Uncommon trap: reason=unstable_if action=reinterpret pc=0x00000000030ce448 method=java.util.zip.ZipCoder.getBytes(Ljava/lang/String;)[B @ 32
Event: 3.626 Thread 0x0000000002e23800 Uncommon trap: reason=bimorphic action=maybe_recompile pc=0x00000000031d3518 method=java.util.regex.Pattern$BmpCharProperty.match(Ljava/util/regex/Matcher;ILjava/lang/CharSequence;)Z @ 31
Event: 3.626 Thread 0x0000000002e23800 Uncommon trap: reason=bimorphic action=maybe_recompile pc=0x00000000031d3518 method=java.util.regex.Pattern$BmpCharProperty.match(Ljava/util/regex/Matcher;ILjava/lang/CharSequence;)Z @ 31
Event: 3.626 Thread 0x0000000002e23800 Uncommon trap: reason=bimorphic action=maybe_recompile pc=0x00000000031d3518 method=java.util.regex.Pattern$BmpCharProperty.match(Ljava/util/regex/Matcher;ILjava/lang/CharSequence;)Z @ 31
Event: 3.627 Thread 0x0000000002e23800 Uncommon trap: reason=bimorphic action=maybe_recompile pc=0x00000000031d3518 method=java.util.regex.Pattern$BmpCharProperty.match(Ljava/util/regex/Matcher;ILjava/lang/CharSequence;)Z @ 31
Event: 3.650 Thread 0x0000000002e23800 Uncommon trap: reason=unstable_if action=reinterpret pc=0x00000000031d05b0 method=java.util.regex.Pattern$BmpCharProperty.match(Ljava/util/regex/Matcher;ILjava/lang/CharSequence;)Z @ 34

Classes redefined (0 events):
No events

Internal exceptions (10 events):
Event: 3.042 Thread 0x0000000002e23800 Exception <a 'java/lang/ArrayIndexOutOfBoundsException'> (0x00000000eb4477d8) thrown at [C:\re\workspace\8-2-build-windows-amd64-cygwin\jdk8u221\13320\hotspot\src\share\vm\runtime\sharedRuntime.cpp, line 605]
Event: 3.043 Thread 0x0000000002e23800 Exception <a 'java/lang/ArrayIndexOutOfBoundsException'> (0x00000000eb449330) thrown at [C:\re\workspace\8-2-build-windows-amd64-cygwin\jdk8u221\13320\hotspot\src\share\vm\runtime\sharedRuntime.cpp, line 605]
Event: 3.043 Thread 0x0000000002e23800 Exception <a 'java/lang/ArrayIndexOutOfBoundsException'> (0x00000000eb44aa00) thrown at [C:\re\workspace\8-2-build-windows-amd64-cygwin\jdk8u221\13320\hotspot\src\share\vm\runtime\sharedRuntime.cpp, line 605]
Event: 3.050 Thread 0x0000000002e23800 Exception <a 'java/lang/ArrayIndexOutOfBoundsException'> (0x00000000eb4860e0) thrown at [C:\re\workspace\8-2-build-windows-amd64-cygwin\jdk8u221\13320\hotspot\src\share\vm\runtime\sharedRuntime.cpp, line 605]
Event: 3.052 Thread 0x0000000002e23800 Exception <a 'java/lang/ArrayIndexOutOfBoundsException'> (0x00000000eb48efa8) thrown at [C:\re\workspace\8-2-build-windows-amd64-cygwin\jdk8u221\13320\hotspot\src\share\vm\runtime\sharedRuntime.cpp, line 605]
Event: 3.054 Thread 0x0000000002e23800 Exception <a 'java/lang/ArrayIndexOutOfBoundsException'> (0x00000000eb498780) thrown at [C:\re\workspace\8-2-build-windows-amd64-cygwin\jdk8u221\13320\hotspot\src\share\vm\runtime\sharedRuntime.cpp, line 605]
Event: 3.056 Thread 0x0000000002e23800 Exception <a 'java/lang/ArrayIndexOutOfBoundsException'> (0x00000000eb4a1e48) thrown at [C:\re\workspace\8-2-build-windows-amd64-cygwin\jdk8u221\13320\hotspot\src\share\vm\runtime\sharedRuntime.cpp, line 605]
Event: 3.059 Thread 0x0000000002e23800 Exception <a 'java/lang/ArrayIndexOutOfBoundsException'> (0x00000000eb4ab698) thrown at [C:\re\workspace\8-2-build-windows-amd64-cygwin\jdk8u221\13320\hotspot\src\share\vm\runtime\sharedRuntime.cpp, line 605]
Event: 3.061 Thread 0x0000000002e23800 Exception <a 'java/lang/ArrayIndexOutOfBoundsException'> (0x00000000eb4b4e38) thrown at [C:\re\workspace\8-2-build-windows-amd64-cygwin\jdk8u221\13320\hotspot\src\share\vm\runtime\sharedRuntime.cpp, line 605]
Event: 3.064 Thread 0x0000000002e23800 Exception <a 'java/lang/ArrayIndexOutOfBoundsException'> (0x00000000eb4be6c8) thrown at [C:\re\workspace\8-2-build-windows-amd64-cygwin\jdk8u221\13320\hotspot\src\share\vm\runtime\sharedRuntime.cpp, line 605]

Events (10 events):
Event: 3.931 loading class com/google/common/collect/ImmutableList done
Event: 3.935 loading class com/google/common/collect/ImmutableSet
Event: 3.935 loading class com/google/common/collect/ImmutableSet done
Event: 3.938 loading class com/google/common/collect/ImmutableMapEntrySet$RegularEntrySet
Event: 3.938 loading class com/google/common/collect/ImmutableMapEntrySet$RegularEntrySet done
Event: 3.940 loading class com/google/common/collect/ImmutableMapEntrySet
Event: 3.940 loading class com/google/common/collect/ImmutableMapEntrySet done
Event: 3.942 loading class com/google/common/collect/RegularImmutableMap$KeySet
Event: 3.942 loading class com/google/common/collect/RegularImmutableMap$KeySet done
Event: 3.943 loading class com/google/common/collect/IndexedImmutableSet


Dynamic libraries:
0x000007f6fd320000 - 0x000007f6fd357000 	C:\Program Files\Java\jre8\bin\javaw.exe
0x000007fc73670000 - 0x000007fc7382d000 	C:\Windows\SYSTEM32\ntdll.dll
0x000007fc71d30000 - 0x000007fc71e66000 	C:\Windows\system32\KERNEL32.DLL
0x000007fc709c0000 - 0x000007fc70ab4000 	C:\Windows\system32\KERNELBASE.dll
0x000007fc71230000 - 0x000007fc7130e000 	C:\Windows\system32\ADVAPI32.dll
0x000007fc721f0000 - 0x000007fc7233c000 	C:\Windows\system32\USER32.dll
0x000007fc6e420000 - 0x000007fc6e68a000 	C:\Windows\WinSxS\amd64_microsoft.windows.common-controls_6595b64144ccf1df_6.0.9200.17359_none_4188b989718cf1c6\COMCTL32.dll
0x000007fc70ce0000 - 0x000007fc70d85000 	C:\Windows\system32\msvcrt.dll
0x000007fc70e50000 - 0x000007fc70e98000 	C:\Windows\SYSTEM32\sechost.dll
0x000007fc713c0000 - 0x000007fc71505000 	C:\Windows\system32\RPCRT4.dll
0x000007fc71970000 - 0x000007fc71ab1000 	C:\Windows\system32\GDI32.dll
0x000007fc70d90000 - 0x000007fc70dc9000 	C:\Windows\system32\IMM32.DLL
0x000007fc71bb0000 - 0x000007fc71cc5000 	C:\Windows\system32\MSCTF.dll
0x00000000571f0000 - 0x00000000572c2000 	C:\Program Files\Java\jre8\bin\msvcr100.dll
0x00000000556f0000 - 0x0000000055f95000 	C:\Program Files\Java\jre8\bin\server\jvm.dll
0x000007fc47a30000 - 0x000007fc47a39000 	C:\Windows\SYSTEM32\WSOCK32.dll
0x000007fc5d570000 - 0x000007fc5d590000 	C:\Windows\SYSTEM32\WINMM.dll
0x000007fc6c060000 - 0x000007fc6c069000 	C:\Windows\SYSTEM32\VERSION.dll
0x000007fc72340000 - 0x000007fc72347000 	C:\Windows\system32\PSAPI.DLL
0x000007fc71cd0000 - 0x000007fc71d28000 	C:\Windows\system32\WS2_32.dll
0x000007fc5d530000 - 0x000007fc5d562000 	C:\Windows\SYSTEM32\WINMMBASE.dll
0x000007fc70e40000 - 0x000007fc70e49000 	C:\Windows\system32\NSI.dll
0x000007fc6e6e0000 - 0x000007fc6e6ef000 	C:\Program Files\Java\jre8\bin\verify.dll
0x000007fc6cf60000 - 0x000007fc6cf89000 	C:\Program Files\Java\jre8\bin\java.dll
0x000007fc6df00000 - 0x000007fc6df16000 	C:\Program Files\Java\jre8\bin\zip.dll
0x000007fc72350000 - 0x000007fc73635000 	C:\Windows\system32\SHELL32.dll
0x000007fc72040000 - 0x000007fc721f0000 	C:\Windows\SYSTEM32\combase.dll
0x000007fc71b60000 - 0x000007fc71bb0000 	C:\Windows\system32\SHLWAPI.dll
0x000007fc6ed30000 - 0x000007fc6edc6000 	C:\Windows\SYSTEM32\SHCORE.dll
0x000007fc70580000 - 0x000007fc70595000 	C:\Windows\SYSTEM32\profapi.dll

VM Arguments:
jvm_args: -Dfile.encoding=Cp1252 
java_command: cucumber.api.cli.Main C:/Users/Farrukh/eclipse-workspace/HrmsCucumberFramework/src/test/resources/features/AddEmployee.feature --glue classpath: --plugin pretty --monochrome
java_class_path (initial): C:\Users\Farrukh\eclipse-workspace\HrmsCucumberFramework\target\test-classes;C:\Users\Farrukh\eclipse-workspace\HrmsCucumberFramework\target\classes;C:\Users\Farrukh\.m2\repository\org\apache\poi\poi-ooxml\4.1.0\poi-ooxml-4.1.0.jar;C:\Users\Farrukh\.m2\repository\org\apache\poi\poi\4.1.0\poi-4.1.0.jar;C:\Users\Farrukh\.m2\repository\commons-codec\commons-codec\1.12\commons-codec-1.12.jar;C:\Users\Farrukh\.m2\repository\org\apache\commons\commons-collections4\4.3\commons-collections4-4.3.jar;C:\Users\Farrukh\.m2\repository\org\apache\commons\commons-math3\3.6.1\commons-math3-3.6.1.jar;C:\Users\Farrukh\.m2\repository\org\apache\poi\poi-ooxml-schemas\4.1.0\poi-ooxml-schemas-4.1.0.jar;C:\Users\Farrukh\.m2\repository\org\apache\xmlbeans\xmlbeans\3.1.0\xmlbeans-3.1.0.jar;C:\Users\Farrukh\.m2\repository\org\apache\commons\commons-compress\1.18\commons-compress-1.18.jar;C:\Users\Farrukh\.m2\repository\com\github\virtuald\curvesapi\1.06\curvesapi-1.06.jar;C:\Users\Farrukh\.m2\repository\org\seleniumhq\selenium\selenium-java\3.141.59\selenium-java-3.141.59.jar;C:\Users\Farrukh\.m2\repository\org\seleniumhq\selenium\selenium-api\3.141.59\selenium-api-3.141.59.jar;C:\Users\Farrukh\.m2\repository\org\seleniumhq\selenium\selenium-chrome-driver\3.141.59\selenium-chrome-driver-3.141.59.jar;C:\Users\Farrukh\.m2\repository\org\seleniumhq\selenium\selenium-edge-driver\3.141.59\selenium-edge-driver-3.141.59.jar;C:\Users\Farrukh\.m2\repository\org\seleniumhq\selenium\selenium-firefox-driver\3.141.59\selenium-firefox-driver-3.141.59.jar;C:\Users\Farrukh\.m2\repository\org\seleniumhq\selenium\selenium-ie-driver\3.141.59\selenium-ie-driver-3.141.59.jar;C:\Users\Farrukh\.m2\repository\org\seleniumhq\selenium\selenium-opera-driver\3.141.59\selenium-opera-driver-3.141.59.jar;C:\Users\Farrukh\.m2\repository\org\seleniumhq\selenium\selenium-remote-driver\3.141.59\selenium-remote-driver-3.141.59.jar;C:\Users\Farrukh\.m2\repository\org\seleniumhq\selenium\selenium-saf
Launcher Type: SUN_STANDARD

Environment Variables:
JAVA_HOME=C:\Program Files\Java\jdk8
PATH=C:/Program Files/Java/jre8/bin/server;C:/Program Files/Java/jre8/bin;C:/Program Files/Java/jre8/lib/amd64;C:\Program Files\apache-maven-3.6.3\bin;C:\Users\Farrukh\AppData\Roaming\Dashlane\6.1839.0.13410\bin\Firefox_Extension\{442718d9-475e-452a-b3e1-fb1ee16b8e9f}\components;C:\Users\Farrukh\AppData\Roaming\Dashlane\6.1839.0.13410\ucrt;C:\Users\Farrukh\AppData\Roaming\Dashlane\6.1839.0.13410\bin\Qt;C:\Users\Farrukh\AppData\Roaming\Dashlane\6.1839.0.13410\ucrt;C:\Users\Farrukh\AppData\Roaming\Dashlane\6.1839.0.13410\bin\Ssl;C:\Users\Farrukh\Desktop;
USERNAME=Farrukh
OS=Windows_NT
PROCESSOR_IDENTIFIER=Intel64 Family 6 Model 58 Stepping 9, GenuineIntel



---------------  S Y S T E M  ---------------

OS: Windows 8 , 64 bit Build 9200 (6.2.9200.16815)

CPU:total 4 (initial active 4) (2 cores per cpu, 2 threads per core) family 6 model 58 stepping 9, cmov, cx8, fxsr, mmx, sse, sse2, sse3, ssse3, sse4.1, sse4.2, popcnt, avx, aes, clmul, erms, ht, tsc, tscinvbit, tscinv

Memory: 4k page, physical 4077152k(232240k free), swap 16660064k(4644k free)

vm_info: Java HotSpot(TM) 64-Bit Server VM (25.221-b11) for windows-amd64 JRE (1.8.0_221-b11), built on Jul  4 2019 04:39:29 by "java_re" with MS VC++ 10.0 (VS2010)

time: Fri Jan 31 20:01:21 2020
timezone: Central Standard Time
elapsed time: 3 seconds (0d 0h 0m 3s)

